<?xml version="1.0" encoding="UTF-8"?>
<testng-results ignored="0" total="1" passed="1" failed="0" skipped="0">
  <reporter-output>
  </reporter-output>
  <suite started-at="2023-08-10T14:52:47 IST" name="Default suite" finished-at="2023-08-10T14:52:49 IST" duration-ms="2458">
    <groups>
    </groups>
    <test started-at="2023-08-10T14:52:47 IST" name="Default test" finished-at="2023-08-10T14:52:49 IST" duration-ms="2458">
      <class name="Basic.EludeUserGet">
        <test-method signature="Start2()[pri:0, instance:Basic.EludeUserGet@1e04fa0a]" started-at="2023-08-10T14:52:47 IST" name="Start2" finished-at="2023-08-10T14:52:49 IST" duration-ms="2402" status="PASS">
          <reporter-output>
          </reporter-output>
        </test-method> <!-- Start2 -->
      </class> <!-- Basic.EludeUserGet -->
    </test> <!-- Default test -->
  </suite> <!-- Default suite -->
</testng-results>
