<?xml version="1.0" encoding="UTF-8"?>
<testng-results ignored="0" total="1" passed="1" failed="0" skipped="0">
  <reporter-output>
  </reporter-output>
  <suite started-at="2023-07-20T14:49:50 IST" name="Default suite" finished-at="2023-07-20T14:49:50 IST" duration-ms="425">
    <groups>
    </groups>
    <test started-at="2023-07-20T14:49:50 IST" name="Default test" finished-at="2023-07-20T14:49:50 IST" duration-ms="425">
      <class name="DeserializationAnnotation.JsonIgnoreSerialize">
        <test-method signature="Start()[pri:0, instance:DeserializationAnnotation.JsonIgnoreSerialize@72bc6553]" started-at="2023-07-20T14:49:50 IST" name="Start" finished-at="2023-07-20T14:49:50 IST" duration-ms="365" status="PASS">
          <reporter-output>
          </reporter-output>
        </test-method> <!-- Start -->
      </class> <!-- DeserializationAnnotation.JsonIgnoreSerialize -->
    </test> <!-- Default test -->
  </suite> <!-- Default suite -->
</testng-results>
